10:56:34 **** Incremental Build of configuration Debug for project from web for trial ****
Info: Internal Builder is used for build
gcc -O0 -g3 -Wall -c -fmessage-length=0 -o "src\\from web for trial.o" "..\\src\\from web for trial.c" 
..\src\from web for trial.c: In function 'main':
..\src\from web for trial.c:24:6: warning: implicit declaration of function 'strlen'
..\src\from web for trial.c:24:15: warning: incompatible implicit declaration of built-in function 'strlen'
..\src\from web for trial.c: At top level:
..\src\from web for trial.c:41:2: error: expected identifier or '(' before 'return'
..\src\from web for trial.c:42:1: error: expected identifier or '(' before '}' token

10:56:34 Build Failed. 2 errors, 2 warnings. (took 104ms)

