14:28:01 **** Incremental Build of configuration Debug for project sample output 1 ****
Info: Internal Builder is used for build
gcc -O0 -g3 -Wall -c -fmessage-length=0 -o "src\\sample output 1.o" "..\\src\\sample output 1.c" 
..\src\sample output 1.c: In function 'main':
..\src\sample output 1.c:15:2: error: 'Int' undeclared (first use in this function)
..\src\sample output 1.c:15:2: note: each undeclared identifier is reported only once for each function it appears in
..\src\sample output 1.c:15:7: error: 'a' undeclared (first use in this function)
..\src\sample output 1.c:15:6: warning: left-hand operand of comma expression has no effect

14:28:01 Build Failed. 2 errors, 1 warnings. (took 105ms)

